A51 MACRO ASSEMBLER  30T                                                                  05/15/2017 21:51:42 PAGE     1


MACRO ASSEMBLER A51 V8.2.5.0
OBJECT MODULE PLACED IN .\Objects\30t.obj
ASSEMBLER INVOKED BY: D:\Keil\C51\BIN\A51.EXE 30t.a51 SET(SMALL) DEBUG PRINT(.\Listings\30t.lst) OBJECT(.\Objects\30t.ob
                      j) EP

LOC  OBJ            LINE     SOURCE

0000                   1     org 0000H

0000 C280              2     CLR P0.0

                       3     ;

0002                   4     LOOP:

0002 D280              5     SETB P0.0

0004 758920            6     MOV TMOD, #20H

0007 758DC4            7     MOV TH1, #-60D

000A D28E              8     SETB TR1

000C 308FFD            9     JNB TF1, $

000F C28E             10     CLR TR1

0011 C28F             11     CLR TF1

                      12     ;

0013 B280             13     CPL P0.0

0015 758D74           14     MOV TH1, #-140D

0018 D28E             15     SETB TR1

001A 308FFD           16     JNB TF1, $

001D C28E             17     CLR TR1

001F C28F             18     CLR TF1

0021 020002           19     LJMP LOOP

                      20     END

A51 MACRO ASSEMBLER  30T                                                                  05/15/2017 21:51:42 PAGE     2

SYMBOL TABLE LISTING
------ ----- -------


N A M E             T Y P E  V A L U E   ATTRIBUTES

LOOP . . . . . . .  C ADDR   0002H   A   
P0 . . . . . . . .  D ADDR   0080H   A   
TF1. . . . . . . .  B ADDR   0088H.7 A   
TH1. . . . . . . .  D ADDR   008DH   A   
TMOD . . . . . . .  D ADDR   0089H   A   
TR1. . . . . . . .  B ADDR   0088H.6 A   


REGISTER BANK(S) USED: 0 


ASSEMBLY COMPLETE.  0 WARNING(S), 0 ERROR(S)
